2012/08/20 01:36:52 [error] [exception.CHttpException.404] exception 'CHttpException' with message 'Unable to resolve the request "gii\".' in D:\www\yii\framework\web\CWebApplication.php:287
Stack trace:
#0 D:\www\yii\framework\web\CWebApplication.php(142): CWebApplication->runController('gii\')
#1 D:\www\yii\framework\base\CApplication.php(162): CWebApplication->processRequest()
#2 D:\www\tonmey\index.php(13): CApplication->run()
#3 {main}
REQUEST_URI=/tonmey/index.php?r=gii\
---
2012/08/20 01:54:14 [error] [php] include(./index/index.html) [<a href='function.include'>function.include</a>]: failed to open stream: No such file or directory (D:\www\tonmey\protected\views\admin\index.php:8)
Stack trace:
#0 D:\www\yii\framework\web\CBaseController.php(96): AdminController->renderInternal()
#1 D:\www\yii\framework\web\CController.php(870): AdminController->renderFile()
#2 D:\www\yii\framework\web\CController.php(783): AdminController->renderPartial()
#3 D:\www\tonmey\protected\controllers\AdminController.php(16): AdminController->render()
#4 D:\www\yii\framework\web\actions\CInlineAction.php(50): AdminController->actionIndex()
#5 D:\www\yii\framework\web\CController.php(309): CInlineAction->runWithParams()
#6 D:\www\yii\framework\web\CController.php(287): AdminController->runAction()
#7 D:\www\yii\framework\web\CController.php(266): AdminController->runActionWithFilters()
#8 D:\www\yii\framework\web\CWebApplication.php(283): AdminController->run()
#9 D:\www\yii\framework\web\CWebApplication.php(142): CWebApplication->runController()
#10 D:\www\yii\framework\base\CApplication.php(162): CWebApplication->processRequest()
#11 D:\www\tonmey\index.php(13): CWebApplication->run()
REQUEST_URI=/tonmey/index.php?r=admin
in D:\www\tonmey\protected\views\admin\index.php (8)
in D:\www\tonmey\protected\views\admin\index.php (8)
in D:\www\tonmey\protected\controllers\AdminController.php (16)
2012/08/20 01:55:16 [error] [php] include(./index/index.html) [<a href='function.include'>function.include</a>]: failed to open stream: No such file or directory (D:\www\tonmey\protected\views\admin\index.php:8)
Stack trace:
#0 D:\www\yii\framework\web\CBaseController.php(96): AdminController->renderInternal()
#1 D:\www\yii\framework\web\CController.php(870): AdminController->renderFile()
#2 D:\www\yii\framework\web\CController.php(783): AdminController->renderPartial()
#3 D:\www\tonmey\protected\controllers\AdminController.php(16): AdminController->render()
#4 D:\www\yii\framework\web\actions\CInlineAction.php(50): AdminController->actionIndex()
#5 D:\www\yii\framework\web\CController.php(309): CInlineAction->runWithParams()
#6 D:\www\yii\framework\web\CController.php(287): AdminController->runAction()
#7 D:\www\yii\framework\web\CController.php(266): AdminController->runActionWithFilters()
#8 D:\www\yii\framework\web\CWebApplication.php(283): AdminController->run()
#9 D:\www\yii\framework\web\CWebApplication.php(142): CWebApplication->runController()
#10 D:\www\yii\framework\base\CApplication.php(162): CWebApplication->processRequest()
#11 D:\www\tonmey\index.php(13): CWebApplication->run()
REQUEST_URI=/tonmey/index.php?r=admin
in D:\www\tonmey\protected\views\admin\index.php (8)
in D:\www\tonmey\protected\views\admin\index.php (8)
in D:\www\tonmey\protected\controllers\AdminController.php (16)
2012/08/20 01:55:17 [error] [php] include(./index/index.html) [<a href='function.include'>function.include</a>]: failed to open stream: No such file or directory (D:\www\tonmey\protected\views\admin\index.php:8)
Stack trace:
#0 D:\www\yii\framework\web\CBaseController.php(96): AdminController->renderInternal()
#1 D:\www\yii\framework\web\CController.php(870): AdminController->renderFile()
#2 D:\www\yii\framework\web\CController.php(783): AdminController->renderPartial()
#3 D:\www\tonmey\protected\controllers\AdminController.php(16): AdminController->render()
#4 D:\www\yii\framework\web\actions\CInlineAction.php(50): AdminController->actionIndex()
#5 D:\www\yii\framework\web\CController.php(309): CInlineAction->runWithParams()
#6 D:\www\yii\framework\web\CController.php(287): AdminController->runAction()
#7 D:\www\yii\framework\web\CController.php(266): AdminController->runActionWithFilters()
#8 D:\www\yii\framework\web\CWebApplication.php(283): AdminController->run()
#9 D:\www\yii\framework\web\CWebApplication.php(142): CWebApplication->runController()
#10 D:\www\yii\framework\base\CApplication.php(162): CWebApplication->processRequest()
#11 D:\www\tonmey\index.php(13): CWebApplication->run()
REQUEST_URI=/tonmey/index.php?r=admin
in D:\www\tonmey\protected\views\admin\index.php (8)
in D:\www\tonmey\protected\views\admin\index.php (8)
in D:\www\tonmey\protected\controllers\AdminController.php (16)
2012/08/20 01:55:17 [error] [php] include(./index/index.html) [<a href='function.include'>function.include</a>]: failed to open stream: No such file or directory (D:\www\tonmey\protected\views\admin\index.php:8)
Stack trace:
#0 D:\www\yii\framework\web\CBaseController.php(96): AdminController->renderInternal()
#1 D:\www\yii\framework\web\CController.php(870): AdminController->renderFile()
#2 D:\www\yii\framework\web\CController.php(783): AdminController->renderPartial()
#3 D:\www\tonmey\protected\controllers\AdminController.php(16): AdminController->render()
#4 D:\www\yii\framework\web\actions\CInlineAction.php(50): AdminController->actionIndex()
#5 D:\www\yii\framework\web\CController.php(309): CInlineAction->runWithParams()
#6 D:\www\yii\framework\web\CController.php(287): AdminController->runAction()
#7 D:\www\yii\framework\web\CController.php(266): AdminController->runActionWithFilters()
#8 D:\www\yii\framework\web\CWebApplication.php(283): AdminController->run()
#9 D:\www\yii\framework\web\CWebApplication.php(142): CWebApplication->runController()
#10 D:\www\yii\framework\base\CApplication.php(162): CWebApplication->processRequest()
#11 D:\www\tonmey\index.php(13): CWebApplication->run()
REQUEST_URI=/tonmey/index.php?r=admin
in D:\www\tonmey\protected\views\admin\index.php (8)
in D:\www\tonmey\protected\views\admin\index.php (8)
in D:\www\tonmey\protected\controllers\AdminController.php (16)
2012/08/20 01:59:19 [error] [php] include(./index/index.html) [<a href='function.include'>function.include</a>]: failed to open stream: No such file or directory (D:\www\tonmey\protected\views\admin\index.php:8)
Stack trace:
#0 D:\www\yii\framework\web\CBaseController.php(96): AdminController->renderInternal()
#1 D:\www\yii\framework\web\CController.php(870): AdminController->renderFile()
#2 D:\www\tonmey\protected\controllers\AdminController.php(16): AdminController->renderPartial()
#3 D:\www\yii\framework\web\actions\CInlineAction.php(50): AdminController->actionIndex()
#4 D:\www\yii\framework\web\CController.php(309): CInlineAction->runWithParams()
#5 D:\www\yii\framework\web\CController.php(287): AdminController->runAction()
#6 D:\www\yii\framework\web\CController.php(266): AdminController->runActionWithFilters()
#7 D:\www\yii\framework\web\CWebApplication.php(283): AdminController->run()
#8 D:\www\yii\framework\web\CWebApplication.php(142): CWebApplication->runController()
#9 D:\www\yii\framework\base\CApplication.php(162): CWebApplication->processRequest()
#10 D:\www\tonmey\index.php(13): CWebApplication->run()
REQUEST_URI=/tonmey/index.php?r=admin
in D:\www\tonmey\protected\views\admin\index.php (8)
in D:\www\tonmey\protected\views\admin\index.php (8)
in D:\www\tonmey\protected\controllers\AdminController.php (16)
2012/08/20 01:59:20 [error] [php] include(./index/index.html) [<a href='function.include'>function.include</a>]: failed to open stream: No such file or directory (D:\www\tonmey\protected\views\admin\index.php:8)
Stack trace:
#0 D:\www\yii\framework\web\CBaseController.php(96): AdminController->renderInternal()
#1 D:\www\yii\framework\web\CController.php(870): AdminController->renderFile()
#2 D:\www\tonmey\protected\controllers\AdminController.php(16): AdminController->renderPartial()
#3 D:\www\yii\framework\web\actions\CInlineAction.php(50): AdminController->actionIndex()
#4 D:\www\yii\framework\web\CController.php(309): CInlineAction->runWithParams()
#5 D:\www\yii\framework\web\CController.php(287): AdminController->runAction()
#6 D:\www\yii\framework\web\CController.php(266): AdminController->runActionWithFilters()
#7 D:\www\yii\framework\web\CWebApplication.php(283): AdminController->run()
#8 D:\www\yii\framework\web\CWebApplication.php(142): CWebApplication->runController()
#9 D:\www\yii\framework\base\CApplication.php(162): CWebApplication->processRequest()
#10 D:\www\tonmey\index.php(13): CWebApplication->run()
REQUEST_URI=/tonmey/index.php?r=admin
in D:\www\tonmey\protected\views\admin\index.php (8)
in D:\www\tonmey\protected\views\admin\index.php (8)
in D:\www\tonmey\protected\controllers\AdminController.php (16)
2012/08/20 01:59:20 [error] [php] include(./index/index.html) [<a href='function.include'>function.include</a>]: failed to open stream: No such file or directory (D:\www\tonmey\protected\views\admin\index.php:8)
Stack trace:
#0 D:\www\yii\framework\web\CBaseController.php(96): AdminController->renderInternal()
#1 D:\www\yii\framework\web\CController.php(870): AdminController->renderFile()
#2 D:\www\tonmey\protected\controllers\AdminController.php(16): AdminController->renderPartial()
#3 D:\www\yii\framework\web\actions\CInlineAction.php(50): AdminController->actionIndex()
#4 D:\www\yii\framework\web\CController.php(309): CInlineAction->runWithParams()
#5 D:\www\yii\framework\web\CController.php(287): AdminController->runAction()
#6 D:\www\yii\framework\web\CController.php(266): AdminController->runActionWithFilters()
#7 D:\www\yii\framework\web\CWebApplication.php(283): AdminController->run()
#8 D:\www\yii\framework\web\CWebApplication.php(142): CWebApplication->runController()
#9 D:\www\yii\framework\base\CApplication.php(162): CWebApplication->processRequest()
#10 D:\www\tonmey\index.php(13): CWebApplication->run()
REQUEST_URI=/tonmey/index.php?r=admin
in D:\www\tonmey\protected\views\admin\index.php (8)
in D:\www\tonmey\protected\views\admin\index.php (8)
in D:\www\tonmey\protected\controllers\AdminController.php (16)
2012/08/20 01:59:21 [error] [php] include(./index/index.html) [<a href='function.include'>function.include</a>]: failed to open stream: No such file or directory (D:\www\tonmey\protected\views\admin\index.php:8)
Stack trace:
#0 D:\www\yii\framework\web\CBaseController.php(96): AdminController->renderInternal()
#1 D:\www\yii\framework\web\CController.php(870): AdminController->renderFile()
#2 D:\www\tonmey\protected\controllers\AdminController.php(16): AdminController->renderPartial()
#3 D:\www\yii\framework\web\actions\CInlineAction.php(50): AdminController->actionIndex()
#4 D:\www\yii\framework\web\CController.php(309): CInlineAction->runWithParams()
#5 D:\www\yii\framework\web\CController.php(287): AdminController->runAction()
#6 D:\www\yii\framework\web\CController.php(266): AdminController->runActionWithFilters()
#7 D:\www\yii\framework\web\CWebApplication.php(283): AdminController->run()
#8 D:\www\yii\framework\web\CWebApplication.php(142): CWebApplication->runController()
#9 D:\www\yii\framework\base\CApplication.php(162): CWebApplication->processRequest()
#10 D:\www\tonmey\index.php(13): CWebApplication->run()
REQUEST_URI=/tonmey/index.php?r=admin
in D:\www\tonmey\protected\views\admin\index.php (8)
in D:\www\tonmey\protected\views\admin\index.php (8)
in D:\www\tonmey\protected\controllers\AdminController.php (16)
2012/08/20 02:09:25 [error] [exception.CException] exception 'CException' with message 'CHttpRequest and its behaviors do not have a method or closure named "baseUrl".' in D:\www\yii\framework\base\CComponent.php:266
Stack trace:
#0 [internal function]: CComponent->__call('baseUrl', Array)
#1 D:\www\tonmey\protected\views\admin\index\index.html(10): CHttpRequest->baseUrl()
#2 D:\www\tonmey\protected\views\admin\index.php(4): include('D:\www\tonmey\p...')
#3 D:\www\yii\framework\web\CBaseController.php(127): require('D:\www\tonmey\p...')
#4 D:\www\yii\framework\web\CBaseController.php(96): CBaseController->renderInternal('D:\www\tonmey\p...', NULL, true)
#5 D:\www\yii\framework\web\CController.php(870): CBaseController->renderFile('D:\www\tonmey\p...', NULL, true)
#6 D:\www\tonmey\protected\controllers\AdminController.php(16): CController->renderPartial('index')
#7 D:\www\yii\framework\web\actions\CInlineAction.php(50): AdminController->actionIndex()
#8 D:\www\yii\framework\web\CController.php(309): CInlineAction->runWithParams(Array)
#9 D:\www\yii\framework\web\CController.php(287): CController->runAction(Object(CInlineAction))
#10 D:\www\yii\framework\web\CController.php(266): CController->runActionWithFilters(Object(CInlineAction), Array)
#11 D:\www\yii\framework\web\CWebApplication.php(283): CController->run('')
#12 D:\www\yii\framework\web\CWebApplication.php(142): CWebApplication->runController('admin')
#13 D:\www\yii\framework\base\CApplication.php(162): CWebApplication->processRequest()
#14 D:\www\tonmey\index.php(13): CApplication->run()
#15 {main}
REQUEST_URI=/tonmey/index.php?r=admin
---
2012/08/20 02:26:38 [error] [exception.CException] exception 'CException' with message 'Alias "index/index.html" is invalid. Make sure it points to an existing directory or file.' in D:\www\yii\framework\YiiBase.php:343
Stack trace:
#0 D:\www\tonmey\protected\views\admin\index.php(4): YiiBase::import('index/index.htm...')
#1 D:\www\yii\framework\web\CBaseController.php(127): require('D:\www\tonmey\p...')
#2 D:\www\yii\framework\web\CBaseController.php(96): CBaseController->renderInternal('D:\www\tonmey\p...', NULL, true)
#3 D:\www\yii\framework\web\CController.php(870): CBaseController->renderFile('D:\www\tonmey\p...', NULL, true)
#4 D:\www\tonmey\protected\controllers\AdminController.php(16): CController->renderPartial('index')
#5 D:\www\yii\framework\web\actions\CInlineAction.php(50): AdminController->actionIndex()
#6 D:\www\yii\framework\web\CController.php(309): CInlineAction->runWithParams(Array)
#7 D:\www\yii\framework\web\CController.php(287): CController->runAction(Object(CInlineAction))
#8 D:\www\yii\framework\web\CController.php(266): CController->runActionWithFilters(Object(CInlineAction), Array)
#9 D:\www\yii\framework\web\CWebApplication.php(283): CController->run('')
#10 D:\www\yii\framework\web\CWebApplication.php(142): CWebApplication->runController('admin')
#11 D:\www\yii\framework\base\CApplication.php(162): CWebApplication->processRequest()
#12 D:\www\tonmey\index.php(13): CApplication->run()
#13 {main}
REQUEST_URI=/tonmey/index.php?r=admin
---
2012/08/20 02:31:50 [error] [php] include(/assets/admin/index.html) [<a href='function.include'>function.include</a>]: failed to open stream: No such file or directory (D:\www\tonmey\protected\views\admin\index.php:5)
Stack trace:
#0 D:\www\yii\framework\web\CBaseController.php(96): AdminController->renderInternal()
#1 D:\www\yii\framework\web\CController.php(870): AdminController->renderFile()
#2 D:\www\tonmey\protected\controllers\AdminController.php(16): AdminController->renderPartial()
#3 D:\www\yii\framework\web\actions\CInlineAction.php(50): AdminController->actionIndex()
#4 D:\www\yii\framework\web\CController.php(309): CInlineAction->runWithParams()
#5 D:\www\yii\framework\web\CController.php(287): AdminController->runAction()
#6 D:\www\yii\framework\web\CController.php(266): AdminController->runActionWithFilters()
#7 D:\www\yii\framework\web\CWebApplication.php(283): AdminController->run()
#8 D:\www\yii\framework\web\CWebApplication.php(142): CWebApplication->runController()
#9 D:\www\yii\framework\base\CApplication.php(162): CWebApplication->processRequest()
#10 D:\www\tonmey\index.php(13): CWebApplication->run()
REQUEST_URI=/tonmey/index.php?r=admin
in D:\www\tonmey\protected\views\admin\index.php (5)
in D:\www\tonmey\protected\views\admin\index.php (5)
in D:\www\tonmey\protected\controllers\AdminController.php (16)
2012/08/20 05:07:33 [error] [exception.CException] exception 'CException' with message 'DefaultController and its behaviors do not have a method or closure named "setLayoutPath".' in D:\www\yii\framework\base\CComponent.php:266
Stack trace:
#0 [internal function]: CComponent->__call('setLayoutPath', Array)
#1 D:\www\tonmey\protected\modules\admin\controllers\DefaultController.php(7): DefaultController->setLayoutPath('/protected/modu...')
#2 D:\www\yii\framework\web\actions\CInlineAction.php(50): DefaultController->actionIndex()
#3 D:\www\yii\framework\web\CController.php(309): CInlineAction->runWithParams(Array)
#4 D:\www\yii\framework\web\CController.php(287): CController->runAction(Object(CInlineAction))
#5 D:\www\yii\framework\web\CController.php(266): CController->runActionWithFilters(Object(CInlineAction), Array)
#6 D:\www\yii\framework\web\CWebApplication.php(283): CController->run('')
#7 D:\www\yii\framework\web\CWebApplication.php(142): CWebApplication->runController('admin')
#8 D:\www\yii\framework\base\CApplication.php(162): CWebApplication->processRequest()
#9 D:\www\tonmey\index.php(13): CApplication->run()
#10 {main}
REQUEST_URI=/tonmey/index.php?r=admin
---
2012/08/20 05:08:29 [error] [exception.CException] exception 'CException' with message 'The layout path "/protected/modules/admin/layouts/" is not a valid directory.' in D:\www\yii\framework\web\CWebApplication.php:489
Stack trace:
#0 D:\www\tonmey\protected\modules\admin\controllers\DefaultController.php(7): CWebApplication->setLayoutPath('/protected/modu...')
#1 D:\www\yii\framework\web\actions\CInlineAction.php(50): DefaultController->actionIndex()
#2 D:\www\yii\framework\web\CController.php(309): CInlineAction->runWithParams(Array)
#3 D:\www\yii\framework\web\CController.php(287): CController->runAction(Object(CInlineAction))
#4 D:\www\yii\framework\web\CController.php(266): CController->runActionWithFilters(Object(CInlineAction), Array)
#5 D:\www\yii\framework\web\CWebApplication.php(283): CController->run('')
#6 D:\www\yii\framework\web\CWebApplication.php(142): CWebApplication->runController('admin')
#7 D:\www\yii\framework\base\CApplication.php(162): CWebApplication->processRequest()
#8 D:\www\tonmey\index.php(13): CApplication->run()
#9 {main}
REQUEST_URI=/tonmey/index.php?r=admin
---
2012/08/20 05:08:30 [error] [exception.CException] exception 'CException' with message 'The layout path "/protected/modules/admin/layouts/" is not a valid directory.' in D:\www\yii\framework\web\CWebApplication.php:489
Stack trace:
#0 D:\www\tonmey\protected\modules\admin\controllers\DefaultController.php(7): CWebApplication->setLayoutPath('/protected/modu...')
#1 D:\www\yii\framework\web\actions\CInlineAction.php(50): DefaultController->actionIndex()
#2 D:\www\yii\framework\web\CController.php(309): CInlineAction->runWithParams(Array)
#3 D:\www\yii\framework\web\CController.php(287): CController->runAction(Object(CInlineAction))
#4 D:\www\yii\framework\web\CController.php(266): CController->runActionWithFilters(Object(CInlineAction), Array)
#5 D:\www\yii\framework\web\CWebApplication.php(283): CController->run('')
#6 D:\www\yii\framework\web\CWebApplication.php(142): CWebApplication->runController('admin')
#7 D:\www\yii\framework\base\CApplication.php(162): CWebApplication->processRequest()
#8 D:\www\tonmey\index.php(13): CApplication->run()
#9 {main}
REQUEST_URI=/tonmey/index.php?r=admin
---
2012/08/20 05:08:58 [error] [exception.CException] exception 'CException' with message 'The layout path "protected/modules/admin/layouts/" is not a valid directory.' in D:\www\yii\framework\web\CWebApplication.php:489
Stack trace:
#0 D:\www\tonmey\protected\modules\admin\controllers\DefaultController.php(7): CWebApplication->setLayoutPath('protected/modul...')
#1 D:\www\yii\framework\web\actions\CInlineAction.php(50): DefaultController->actionIndex()
#2 D:\www\yii\framework\web\CController.php(309): CInlineAction->runWithParams(Array)
#3 D:\www\yii\framework\web\CController.php(287): CController->runAction(Object(CInlineAction))
#4 D:\www\yii\framework\web\CController.php(266): CController->runActionWithFilters(Object(CInlineAction), Array)
#5 D:\www\yii\framework\web\CWebApplication.php(283): CController->run('')
#6 D:\www\yii\framework\web\CWebApplication.php(142): CWebApplication->runController('admin')
#7 D:\www\yii\framework\base\CApplication.php(162): CWebApplication->processRequest()
#8 D:\www\tonmey\index.php(13): CApplication->run()
#9 {main}
REQUEST_URI=/tonmey/index.php?r=admin
---
2012/08/20 05:16:15 [error] [php] CBaseController::require(index) [<a href='cbasecontroller.require'>cbasecontroller.require</a>]: failed to open stream: No such file or directory (D:\www\yii\framework\web\CBaseController.php:131)
Stack trace:
#0 D:\www\tonmey\protected\modules\admin\controllers\DefaultController.php(7): DefaultController->renderFile()
#1 D:\www\yii\framework\web\actions\CInlineAction.php(50): DefaultController->actionIndex()
#2 D:\www\yii\framework\web\CController.php(309): CInlineAction->runWithParams()
#3 D:\www\yii\framework\web\CController.php(287): DefaultController->runAction()
#4 D:\www\yii\framework\web\CController.php(266): DefaultController->runActionWithFilters()
#5 D:\www\yii\framework\web\CWebApplication.php(283): DefaultController->run()
#6 D:\www\yii\framework\web\CWebApplication.php(142): CWebApplication->runController()
#7 D:\www\yii\framework\base\CApplication.php(162): CWebApplication->processRequest()
#8 D:\www\tonmey\index.php(13): CWebApplication->run()
REQUEST_URI=/tonmey/index.php?r=admin/default/index
in D:\www\tonmey\protected\modules\admin\controllers\DefaultController.php (7)
in D:\www\tonmey\index.php (13)
2012/08/20 05:23:48 [error] [exception.CException] exception 'CException' with message 'DefaultController cannot find the requested view "index".' in D:\www\yii\framework\web\CController.php:879
Stack trace:
#0 D:\www\tonmey\protected\modules\admin\controllers\DefaultController.php(7): CController->renderPartial('index')
#1 D:\www\yii\framework\web\actions\CInlineAction.php(50): DefaultController->actionIndex()
#2 D:\www\yii\framework\web\CController.php(309): CInlineAction->runWithParams(Array)
#3 D:\www\yii\framework\web\CController.php(287): CController->runAction(Object(CInlineAction))
#4 D:\www\yii\framework\web\CController.php(266): CController->runActionWithFilters(Object(CInlineAction), Array)
#5 D:\www\yii\framework\web\CWebApplication.php(283): CController->run('index')
#6 D:\www\yii\framework\web\CWebApplication.php(142): CWebApplication->runController('admin/default/i...')
#7 D:\www\yii\framework\base\CApplication.php(162): CWebApplication->processRequest()
#8 D:\www\tonmey\index.php(13): CApplication->run()
#9 {main}
REQUEST_URI=/tonmey/index.php?r=admin/default/index
---
2012/08/20 05:23:51 [error] [exception.CException] exception 'CException' with message 'DefaultController cannot find the requested view "index".' in D:\www\yii\framework\web\CController.php:879
Stack trace:
#0 D:\www\tonmey\protected\modules\admin\controllers\DefaultController.php(7): CController->renderPartial('index')
#1 D:\www\yii\framework\web\actions\CInlineAction.php(50): DefaultController->actionIndex()
#2 D:\www\yii\framework\web\CController.php(309): CInlineAction->runWithParams(Array)
#3 D:\www\yii\framework\web\CController.php(287): CController->runAction(Object(CInlineAction))
#4 D:\www\yii\framework\web\CController.php(266): CController->runActionWithFilters(Object(CInlineAction), Array)
#5 D:\www\yii\framework\web\CWebApplication.php(283): CController->run('index')
#6 D:\www\yii\framework\web\CWebApplication.php(142): CWebApplication->runController('admin/default/i...')
#7 D:\www\yii\framework\base\CApplication.php(162): CWebApplication->processRequest()
#8 D:\www\tonmey\index.php(13): CApplication->run()
#9 {main}
REQUEST_URI=/tonmey/index.php?r=admin/default/index
---
2012/08/20 05:23:51 [error] [exception.CException] exception 'CException' with message 'DefaultController cannot find the requested view "index".' in D:\www\yii\framework\web\CController.php:879
Stack trace:
#0 D:\www\tonmey\protected\modules\admin\controllers\DefaultController.php(7): CController->renderPartial('index')
#1 D:\www\yii\framework\web\actions\CInlineAction.php(50): DefaultController->actionIndex()
#2 D:\www\yii\framework\web\CController.php(309): CInlineAction->runWithParams(Array)
#3 D:\www\yii\framework\web\CController.php(287): CController->runAction(Object(CInlineAction))
#4 D:\www\yii\framework\web\CController.php(266): CController->runActionWithFilters(Object(CInlineAction), Array)
#5 D:\www\yii\framework\web\CWebApplication.php(283): CController->run('index')
#6 D:\www\yii\framework\web\CWebApplication.php(142): CWebApplication->runController('admin/default/i...')
#7 D:\www\yii\framework\base\CApplication.php(162): CWebApplication->processRequest()
#8 D:\www\tonmey\index.php(13): CApplication->run()
#9 {main}
REQUEST_URI=/tonmey/index.php?r=admin/default/index
---
2012/08/20 05:23:52 [error] [exception.CException] exception 'CException' with message 'DefaultController cannot find the requested view "index".' in D:\www\yii\framework\web\CController.php:879
Stack trace:
#0 D:\www\tonmey\protected\modules\admin\controllers\DefaultController.php(7): CController->renderPartial('index')
#1 D:\www\yii\framework\web\actions\CInlineAction.php(50): DefaultController->actionIndex()
#2 D:\www\yii\framework\web\CController.php(309): CInlineAction->runWithParams(Array)
#3 D:\www\yii\framework\web\CController.php(287): CController->runAction(Object(CInlineAction))
#4 D:\www\yii\framework\web\CController.php(266): CController->runActionWithFilters(Object(CInlineAction), Array)
#5 D:\www\yii\framework\web\CWebApplication.php(283): CController->run('index')
#6 D:\www\yii\framework\web\CWebApplication.php(142): CWebApplication->runController('admin/default/i...')
#7 D:\www\yii\framework\base\CApplication.php(162): CWebApplication->processRequest()
#8 D:\www\tonmey\index.php(13): CApplication->run()
#9 {main}
REQUEST_URI=/tonmey/index.php?r=admin/default/index
---
2012/08/20 05:39:37 [error] [exception.CHttpException.404] exception 'CHttpException' with message 'Unable to resolve the request "admin/admin/default/top".' in D:\www\yii\framework\web\CWebApplication.php:287
Stack trace:
#0 D:\www\yii\framework\web\CWebApplication.php(142): CWebApplication->runController('admin/admin/def...')
#1 D:\www\yii\framework\base\CApplication.php(162): CWebApplication->processRequest()
#2 D:\www\tonmey\index.php(13): CApplication->run()
#3 {main}
REQUEST_URI=/tonmey/index.php?r=admin/admin/default/top
HTTP_REFERER=http://localhost/tonmey/index.php?r=admin
---
2012/08/20 05:41:04 [error] [exception.CHttpException.404] exception 'CHttpException' with message 'Unable to resolve the request "admin/admin/default/top".' in D:\www\yii\framework\web\CWebApplication.php:287
Stack trace:
#0 D:\www\yii\framework\web\CWebApplication.php(142): CWebApplication->runController('admin/admin/def...')
#1 D:\www\yii\framework\base\CApplication.php(162): CWebApplication->processRequest()
#2 D:\www\tonmey\index.php(13): CApplication->run()
#3 {main}
REQUEST_URI=/tonmey/index.php?r=admin/admin/default/top
HTTP_REFERER=http://localhost/tonmey/index.php?r=admin
---
2012/08/20 05:41:04 [error] [exception.CHttpException.404] exception 'CHttpException' with message 'Unable to resolve the request "admin/admin/default/menu".' in D:\www\yii\framework\web\CWebApplication.php:287
Stack trace:
#0 D:\www\yii\framework\web\CWebApplication.php(142): CWebApplication->runController('admin/admin/def...')
#1 D:\www\yii\framework\base\CApplication.php(162): CWebApplication->processRequest()
#2 D:\www\tonmey\index.php(13): CApplication->run()
#3 {main}
REQUEST_URI=/tonmey/index.php?r=admin/admin/default/menu
HTTP_REFERER=http://localhost/tonmey/index.php?r=admin
---
2012/08/20 05:41:04 [error] [exception.CHttpException.404] exception 'CHttpException' with message 'Unable to resolve the request "admin/admin/default/main".' in D:\www\yii\framework\web\CWebApplication.php:287
Stack trace:
#0 D:\www\yii\framework\web\CWebApplication.php(142): CWebApplication->runController('admin/admin/def...')
#1 D:\www\yii\framework\base\CApplication.php(162): CWebApplication->processRequest()
#2 D:\www\tonmey\index.php(13): CApplication->run()
#3 {main}
REQUEST_URI=/tonmey/index.php?r=admin/admin/default/main
HTTP_REFERER=http://localhost/tonmey/index.php?r=admin
---
2012/08/20 05:41:27 [error] [exception.CException] exception 'CException' with message 'DefaultController and its behaviors do not have a method or closure named "renderPartical".' in D:\www\yii\framework\base\CComponent.php:266
Stack trace:
#0 [internal function]: CComponent->__call('renderPartical', Array)
#1 D:\www\tonmey\protected\modules\admin\controllers\DefaultController.php(17): DefaultController->renderPartical('top')
#2 D:\www\yii\framework\web\actions\CInlineAction.php(50): DefaultController->actionTop()
#3 D:\www\yii\framework\web\CController.php(309): CInlineAction->runWithParams(Array)
#4 D:\www\yii\framework\web\CController.php(287): CController->runAction(Object(CInlineAction))
#5 D:\www\yii\framework\web\CController.php(266): CController->runActionWithFilters(Object(CInlineAction), Array)
#6 D:\www\yii\framework\web\CWebApplication.php(283): CController->run('top')
#7 D:\www\yii\framework\web\CWebApplication.php(142): CWebApplication->runController('admin/default/t...')
#8 D:\www\yii\framework\base\CApplication.php(162): CWebApplication->processRequest()
#9 D:\www\tonmey\index.php(13): CApplication->run()
#10 {main}
REQUEST_URI=/tonmey/index.php?r=admin/default/top
HTTP_REFERER=http://localhost/tonmey/index.php?r=admin
---
2012/08/20 05:41:27 [error] [exception.CException] exception 'CException' with message 'DefaultController and its behaviors do not have a method or closure named "renderPartical".' in D:\www\yii\framework\base\CComponent.php:266
Stack trace:
#0 [internal function]: CComponent->__call('renderPartical', Array)
#1 D:\www\tonmey\protected\modules\admin\controllers\DefaultController.php(22): DefaultController->renderPartical('top')
#2 D:\www\yii\framework\web\actions\CInlineAction.php(50): DefaultController->actionMenu()
#3 D:\www\yii\framework\web\CController.php(309): CInlineAction->runWithParams(Array)
#4 D:\www\yii\framework\web\CController.php(287): CController->runAction(Object(CInlineAction))
#5 D:\www\yii\framework\web\CController.php(266): CController->runActionWithFilters(Object(CInlineAction), Array)
#6 D:\www\yii\framework\web\CWebApplication.php(283): CController->run('menu')
#7 D:\www\yii\framework\web\CWebApplication.php(142): CWebApplication->runController('admin/default/m...')
#8 D:\www\yii\framework\base\CApplication.php(162): CWebApplication->processRequest()
#9 D:\www\tonmey\index.php(13): CApplication->run()
#10 {main}
REQUEST_URI=/tonmey/index.php?r=admin/default/menu
HTTP_REFERER=http://localhost/tonmey/index.php?r=admin
---
2012/08/20 05:41:27 [error] [exception.CException] exception 'CException' with message 'DefaultController and its behaviors do not have a method or closure named "renderPartical".' in D:\www\yii\framework\base\CComponent.php:266
Stack trace:
#0 [internal function]: CComponent->__call('renderPartical', Array)
#1 D:\www\tonmey\protected\modules\admin\controllers\DefaultController.php(12): DefaultController->renderPartical('main')
#2 D:\www\yii\framework\web\actions\CInlineAction.php(50): DefaultController->actionMain()
#3 D:\www\yii\framework\web\CController.php(309): CInlineAction->runWithParams(Array)
#4 D:\www\yii\framework\web\CController.php(287): CController->runAction(Object(CInlineAction))
#5 D:\www\yii\framework\web\CController.php(266): CController->runActionWithFilters(Object(CInlineAction), Array)
#6 D:\www\yii\framework\web\CWebApplication.php(283): CController->run('main')
#7 D:\www\yii\framework\web\CWebApplication.php(142): CWebApplication->runController('admin/default/m...')
#8 D:\www\yii\framework\base\CApplication.php(162): CWebApplication->processRequest()
#9 D:\www\tonmey\index.php(13): CApplication->run()
#10 {main}
REQUEST_URI=/tonmey/index.php?r=admin/default/main
HTTP_REFERER=http://localhost/tonmey/index.php?r=admin
---
2012/08/20 07:00:46 [error] [exception.CException] exception 'CException' with message 'DefaultController cannot find the requested view "login".' in D:\www\yii\framework\web\CController.php:879
Stack trace:
#0 D:\www\yii\framework\web\CController.php(783): CController->renderPartial('login', NULL, true)
#1 D:\www\tonmey\protected\modules\admin\controllers\DefaultController.php(27): CController->render('login')
#2 D:\www\yii\framework\web\actions\CInlineAction.php(50): DefaultController->actionLogin()
#3 D:\www\yii\framework\web\CController.php(309): CInlineAction->runWithParams(Array)
#4 D:\www\yii\framework\web\CController.php(287): CController->runAction(Object(CInlineAction))
#5 D:\www\yii\framework\web\CController.php(266): CController->runActionWithFilters(Object(CInlineAction), Array)
#6 D:\www\yii\framework\web\CWebApplication.php(283): CController->run('login')
#7 D:\www\yii\framework\web\CWebApplication.php(142): CWebApplication->runController('admin/default/l...')
#8 D:\www\yii\framework\base\CApplication.php(162): CWebApplication->processRequest()
#9 D:\www\tonmey\index.php(13): CApplication->run()
#10 {main}
REQUEST_URI=/tonmey/index.php?r=admin/default/login
---
2012/08/20 07:18:23 [error] [php] Object of class AdminForm could not be converted to string (D:\www\tonmey\protected\modules\admin\views\default\login.php:4)
Stack trace:
#0 D:\www\yii\framework\web\CController.php(870): DefaultController->renderFile()
#1 D:\www\yii\framework\web\CController.php(783): DefaultController->renderPartial()
#2 D:\www\tonmey\protected\modules\admin\controllers\DefaultController.php(27): DefaultController->render()
#3 D:\www\yii\framework\web\actions\CInlineAction.php(50): DefaultController->actionLogin()
#4 D:\www\yii\framework\web\CController.php(309): CInlineAction->runWithParams()
#5 D:\www\yii\framework\web\CController.php(287): DefaultController->runAction()
#6 D:\www\yii\framework\web\CController.php(266): DefaultController->runActionWithFilters()
#7 D:\www\yii\framework\web\CWebApplication.php(283): DefaultController->run()
#8 D:\www\yii\framework\web\CWebApplication.php(142): CWebApplication->runController()
#9 D:\www\yii\framework\base\CApplication.php(162): CWebApplication->processRequest()
#10 D:\www\tonmey\index.php(13): CWebApplication->run()
REQUEST_URI=/tonmey/index.php?r=admin/default/login
in D:\www\tonmey\protected\modules\admin\views\default\login.php (4)
in D:\www\tonmey\protected\modules\admin\controllers\DefaultController.php (27)
in D:\www\tonmey\index.php (13)
2012/08/20 07:20:00 [error] [exception.CException] exception 'CException' with message 'Property "AdminForm.记住我" is not defined.' in D:\www\yii\framework\base\CComponent.php:131
Stack trace:
#0 D:\www\yii\framework\web\helpers\CHtml.php(2158): CComponent->__get('?????????')
#1 D:\www\yii\framework\web\helpers\CHtml.php(1460): CHtml::resolveValue(Object(AdminForm), '?????????')
#2 D:\www\yii\framework\web\widgets\CActiveForm.php(745): CHtml::activeCheckBox(Object(AdminForm), '?????????', Array)
#3 D:\www\tonmey\protected\modules\admin\views\default\login.php(15): CActiveForm->checkBox(Object(AdminForm), '?????????')
#4 D:\www\yii\framework\web\CBaseController.php(127): require('D:\www\tonmey\p...')
#5 D:\www\yii\framework\web\CBaseController.php(96): CBaseController->renderInternal('D:\www\tonmey\p...', Array, true)
#6 D:\www\yii\framework\web\CController.php(870): CBaseController->renderFile('D:\www\tonmey\p...', Array, true)
#7 D:\www\yii\framework\web\CController.php(783): CController->renderPartial('login', Array, true)
#8 D:\www\tonmey\protected\modules\admin\controllers\DefaultController.php(27): CController->render('login', Array)
#9 D:\www\yii\framework\web\actions\CInlineAction.php(50): DefaultController->actionLogin()
#10 D:\www\yii\framework\web\CController.php(309): CInlineAction->runWithParams(Array)
#11 D:\www\yii\framework\web\CController.php(287): CController->runAction(Object(CInlineAction))
#12 D:\www\yii\framework\web\CController.php(266): CController->runActionWithFilters(Object(CInlineAction), Array)
#13 D:\www\yii\framework\web\CWebApplication.php(283): CController->run('login')
#14 D:\www\yii\framework\web\CWebApplication.php(142): CWebApplication->runController('admin/default/l...')
#15 D:\www\yii\framework\base\CApplication.php(162): CWebApplication->processRequest()
#16 D:\www\tonmey\index.php(13): CApplication->run()
#17 {main}
REQUEST_URI=/tonmey/index.php?r=admin/default/login
---
2012/08/20 07:51:32 [warning] [application] Failed to set unsafe attribute "username" of "AdminForm".
in D:\www\tonmey\protected\modules\admin\controllers\DefaultController.php (25)
in D:\www\tonmey\index.php (13)
2012/08/20 07:51:32 [warning] [application] Failed to set unsafe attribute "password" of "AdminForm".
in D:\www\tonmey\protected\modules\admin\controllers\DefaultController.php (25)
in D:\www\tonmey\index.php (13)
2012/08/20 07:53:51 [error] [exception.CException] exception 'CException' with message 'Property "AdminForm.hasErrors" is not defined.' in D:\www\yii\framework\base\CComponent.php:131
Stack trace:
#0 D:\www\tonmey\protected\modules\admin\models\AdminForm.php(30): CComponent->__get('hasErrors')
#1 D:\www\yii\framework\validators\CInlineValidator.php(43): AdminForm->authenticate('adm_password', Array)
#2 D:\www\yii\framework\validators\CValidator.php(214): CInlineValidator->validateAttribute(Object(AdminForm), 'adm_password')
#3 D:\www\yii\framework\base\CModel.php(158): CValidator->validate(Object(AdminForm), NULL)
#4 D:\www\tonmey\protected\modules\admin\controllers\DefaultController.php(26): CModel->validate()
#5 D:\www\yii\framework\web\actions\CInlineAction.php(50): DefaultController->actionLogin()
#6 D:\www\yii\framework\web\CController.php(309): CInlineAction->runWithParams(Array)
#7 D:\www\yii\framework\web\CController.php(287): CController->runAction(Object(CInlineAction))
#8 D:\www\yii\framework\web\CController.php(266): CController->runActionWithFilters(Object(CInlineAction), Array)
#9 D:\www\yii\framework\web\CWebApplication.php(283): CController->run('login')
#10 D:\www\yii\framework\web\CWebApplication.php(142): CWebApplication->runController('admin/default/l...')
#11 D:\www\yii\framework\base\CApplication.php(162): CWebApplication->processRequest()
#12 D:\www\tonmey\index.php(13): CApplication->run()
#13 {main}
REQUEST_URI=/tonmey/index.php?r=admin/default/login
HTTP_REFERER=http://localhost/tonmey/index.php?r=admin/default/login
---
2012/08/21 03:22:26 [error] [exception.CHttpException.404] exception 'CHttpException' with message 'Unable to resolve the request "admin/default/login".' in D:\www\yii\framework\web\CWebApplication.php:287
Stack trace:
#0 D:\www\yii\framework\web\CWebApplication.php(142): CWebApplication->runController('admin/default/l...')
#1 D:\www\yii\framework\base\CApplication.php(162): CWebApplication->processRequest()
#2 D:\www\tonmey\index.php(13): CApplication->run()
#3 {main}
REQUEST_URI=/tonmey/index.php?r=admin/default/login
---
2012/08/21 03:22:40 [error] [php] YiiBase::include(AdminForm.php) [<a href='yiibase.include'>yiibase.include</a>]: failed to open stream: No such file or directory (D:\www\yii\framework\YiiBase.php:423)
Stack trace:
#0 D:\www\tonmey\protected\modules\admin\controllers\AdminController.php(20): spl_autoload_call()
#1 D:\www\yii\framework\web\actions\CInlineAction.php(50): AdminController->actionLogin()
#2 D:\www\yii\framework\web\CController.php(309): CInlineAction->runWithParams()
#3 D:\www\yii\framework\web\CController.php(287): AdminController->runAction()
#4 D:\www\yii\framework\web\CController.php(266): AdminController->runActionWithFilters()
#5 D:\www\yii\framework\web\CWebApplication.php(283): AdminController->run()
#6 D:\www\yii\framework\web\CWebApplication.php(142): CWebApplication->runController()
#7 D:\www\yii\framework\base\CApplication.php(162): CWebApplication->processRequest()
#8 D:\www\tonmey\index.php(13): CWebApplication->run()
REQUEST_URI=/tonmey/index.php?r=admin/admin/login
in D:\www\tonmey\protected\modules\admin\controllers\AdminController.php (20)
in D:\www\tonmey\index.php (13)
2012/08/21 03:23:33 [error] [exception.CException] exception 'CException' with message 'AdminController cannot find the requested view "login".' in D:\www\yii\framework\web\CController.php:879
Stack trace:
#0 D:\www\yii\framework\web\CController.php(783): CController->renderPartial('login', Array, true)
#1 D:\www\tonmey\protected\modules\admin\controllers\AdminController.php(31): CController->render('login', Array)
#2 D:\www\yii\framework\web\actions\CInlineAction.php(50): AdminController->actionLogin()
#3 D:\www\yii\framework\web\CController.php(309): CInlineAction->runWithParams(Array)
#4 D:\www\yii\framework\web\CController.php(287): CController->runAction(Object(CInlineAction))
#5 D:\www\yii\framework\web\CController.php(266): CController->runActionWithFilters(Object(CInlineAction), Array)
#6 D:\www\yii\framework\web\CWebApplication.php(283): CController->run('login')
#7 D:\www\yii\framework\web\CWebApplication.php(142): CWebApplication->runController('admin/admin/log...')
#8 D:\www\yii\framework\base\CApplication.php(162): CWebApplication->processRequest()
#9 D:\www\tonmey\index.php(13): CApplication->run()
#10 {main}
REQUEST_URI=/tonmey/index.php?r=admin/admin/login
---
2012/08/21 03:25:23 [error] [exception.CException] exception 'CException' with message 'AdminController cannot find the requested view "adminlogin".' in D:\www\yii\framework\web\CController.php:879
Stack trace:
#0 D:\www\yii\framework\web\CController.php(783): CController->renderPartial('adminlogin', Array, true)
#1 D:\www\tonmey\protected\modules\admin\controllers\AdminController.php(31): CController->render('adminlogin', Array)
#2 D:\www\yii\framework\web\actions\CInlineAction.php(50): AdminController->actionLogin()
#3 D:\www\yii\framework\web\CController.php(309): CInlineAction->runWithParams(Array)
#4 D:\www\yii\framework\web\CController.php(287): CController->runAction(Object(CInlineAction))
#5 D:\www\yii\framework\web\CController.php(266): CController->runActionWithFilters(Object(CInlineAction), Array)
#6 D:\www\yii\framework\web\CWebApplication.php(283): CController->run('login')
#7 D:\www\yii\framework\web\CWebApplication.php(142): CWebApplication->runController('admin/admin/log...')
#8 D:\www\yii\framework\base\CApplication.php(162): CWebApplication->processRequest()
#9 D:\www\tonmey\index.php(13): CApplication->run()
#10 {main}
REQUEST_URI=/tonmey/index.php?r=admin/admin/login
---
2012/08/21 03:25:24 [error] [exception.CException] exception 'CException' with message 'AdminController cannot find the requested view "adminlogin".' in D:\www\yii\framework\web\CController.php:879
Stack trace:
#0 D:\www\yii\framework\web\CController.php(783): CController->renderPartial('adminlogin', Array, true)
#1 D:\www\tonmey\protected\modules\admin\controllers\AdminController.php(31): CController->render('adminlogin', Array)
#2 D:\www\yii\framework\web\actions\CInlineAction.php(50): AdminController->actionLogin()
#3 D:\www\yii\framework\web\CController.php(309): CInlineAction->runWithParams(Array)
#4 D:\www\yii\framework\web\CController.php(287): CController->runAction(Object(CInlineAction))
#5 D:\www\yii\framework\web\CController.php(266): CController->runActionWithFilters(Object(CInlineAction), Array)
#6 D:\www\yii\framework\web\CWebApplication.php(283): CController->run('login')
#7 D:\www\yii\framework\web\CWebApplication.php(142): CWebApplication->runController('admin/admin/log...')
#8 D:\www\yii\framework\base\CApplication.php(162): CWebApplication->processRequest()
#9 D:\www\tonmey\index.php(13): CApplication->run()
#10 {main}
REQUEST_URI=/tonmey/index.php?r=admin/admin/login
---
2012/08/21 03:25:24 [error] [exception.CException] exception 'CException' with message 'AdminController cannot find the requested view "adminlogin".' in D:\www\yii\framework\web\CController.php:879
Stack trace:
#0 D:\www\yii\framework\web\CController.php(783): CController->renderPartial('adminlogin', Array, true)
#1 D:\www\tonmey\protected\modules\admin\controllers\AdminController.php(31): CController->render('adminlogin', Array)
#2 D:\www\yii\framework\web\actions\CInlineAction.php(50): AdminController->actionLogin()
#3 D:\www\yii\framework\web\CController.php(309): CInlineAction->runWithParams(Array)
#4 D:\www\yii\framework\web\CController.php(287): CController->runAction(Object(CInlineAction))
#5 D:\www\yii\framework\web\CController.php(266): CController->runActionWithFilters(Object(CInlineAction), Array)
#6 D:\www\yii\framework\web\CWebApplication.php(283): CController->run('login')
#7 D:\www\yii\framework\web\CWebApplication.php(142): CWebApplication->runController('admin/admin/log...')
#8 D:\www\yii\framework\base\CApplication.php(162): CWebApplication->processRequest()
#9 D:\www\tonmey\index.php(13): CApplication->run()
#10 {main}
REQUEST_URI=/tonmey/index.php?r=admin/admin/login
---
2012/08/21 03:25:24 [error] [exception.CException] exception 'CException' with message 'AdminController cannot find the requested view "adminlogin".' in D:\www\yii\framework\web\CController.php:879
Stack trace:
#0 D:\www\yii\framework\web\CController.php(783): CController->renderPartial('adminlogin', Array, true)
#1 D:\www\tonmey\protected\modules\admin\controllers\AdminController.php(31): CController->render('adminlogin', Array)
#2 D:\www\yii\framework\web\actions\CInlineAction.php(50): AdminController->actionLogin()
#3 D:\www\yii\framework\web\CController.php(309): CInlineAction->runWithParams(Array)
#4 D:\www\yii\framework\web\CController.php(287): CController->runAction(Object(CInlineAction))
#5 D:\www\yii\framework\web\CController.php(266): CController->runActionWithFilters(Object(CInlineAction), Array)
#6 D:\www\yii\framework\web\CWebApplication.php(283): CController->run('login')
#7 D:\www\yii\framework\web\CWebApplication.php(142): CWebApplication->runController('admin/admin/log...')
#8 D:\www\yii\framework\base\CApplication.php(162): CWebApplication->processRequest()
#9 D:\www\tonmey\index.php(13): CApplication->run()
#10 {main}
REQUEST_URI=/tonmey/index.php?r=admin/admin/login
---
2012/08/21 03:25:24 [error] [exception.CException] exception 'CException' with message 'AdminController cannot find the requested view "adminlogin".' in D:\www\yii\framework\web\CController.php:879
Stack trace:
#0 D:\www\yii\framework\web\CController.php(783): CController->renderPartial('adminlogin', Array, true)
#1 D:\www\tonmey\protected\modules\admin\controllers\AdminController.php(31): CController->render('adminlogin', Array)
#2 D:\www\yii\framework\web\actions\CInlineAction.php(50): AdminController->actionLogin()
#3 D:\www\yii\framework\web\CController.php(309): CInlineAction->runWithParams(Array)
#4 D:\www\yii\framework\web\CController.php(287): CController->runAction(Object(CInlineAction))
#5 D:\www\yii\framework\web\CController.php(266): CController->runActionWithFilters(Object(CInlineAction), Array)
#6 D:\www\yii\framework\web\CWebApplication.php(283): CController->run('login')
#7 D:\www\yii\framework\web\CWebApplication.php(142): CWebApplication->runController('admin/admin/log...')
#8 D:\www\yii\framework\base\CApplication.php(162): CWebApplication->processRequest()
#9 D:\www\tonmey\index.php(13): CApplication->run()
#10 {main}
REQUEST_URI=/tonmey/index.php?r=admin/admin/login
---
2012/08/21 03:25:24 [error] [exception.CException] exception 'CException' with message 'AdminController cannot find the requested view "adminlogin".' in D:\www\yii\framework\web\CController.php:879
Stack trace:
#0 D:\www\yii\framework\web\CController.php(783): CController->renderPartial('adminlogin', Array, true)
#1 D:\www\tonmey\protected\modules\admin\controllers\AdminController.php(31): CController->render('adminlogin', Array)
#2 D:\www\yii\framework\web\actions\CInlineAction.php(50): AdminController->actionLogin()
#3 D:\www\yii\framework\web\CController.php(309): CInlineAction->runWithParams(Array)
#4 D:\www\yii\framework\web\CController.php(287): CController->runAction(Object(CInlineAction))
#5 D:\www\yii\framework\web\CController.php(266): CController->runActionWithFilters(Object(CInlineAction), Array)
#6 D:\www\yii\framework\web\CWebApplication.php(283): CController->run('login')
#7 D:\www\yii\framework\web\CWebApplication.php(142): CWebApplication->runController('admin/admin/log...')
#8 D:\www\yii\framework\base\CApplication.php(162): CWebApplication->processRequest()
#9 D:\www\tonmey\index.php(13): CApplication->run()
#10 {main}
REQUEST_URI=/tonmey/index.php?r=admin/admin/login
---
2012/08/21 03:25:24 [error] [exception.CException] exception 'CException' with message 'AdminController cannot find the requested view "adminlogin".' in D:\www\yii\framework\web\CController.php:879
Stack trace:
#0 D:\www\yii\framework\web\CController.php(783): CController->renderPartial('adminlogin', Array, true)
#1 D:\www\tonmey\protected\modules\admin\controllers\AdminController.php(31): CController->render('adminlogin', Array)
#2 D:\www\yii\framework\web\actions\CInlineAction.php(50): AdminController->actionLogin()
#3 D:\www\yii\framework\web\CController.php(309): CInlineAction->runWithParams(Array)
#4 D:\www\yii\framework\web\CController.php(287): CController->runAction(Object(CInlineAction))
#5 D:\www\yii\framework\web\CController.php(266): CController->runActionWithFilters(Object(CInlineAction), Array)
#6 D:\www\yii\framework\web\CWebApplication.php(283): CController->run('login')
#7 D:\www\yii\framework\web\CWebApplication.php(142): CWebApplication->runController('admin/admin/log...')
#8 D:\www\yii\framework\base\CApplication.php(162): CWebApplication->processRequest()
#9 D:\www\tonmey\index.php(13): CApplication->run()
#10 {main}
REQUEST_URI=/tonmey/index.php?r=admin/admin/login
---
2012/08/21 03:25:25 [error] [exception.CException] exception 'CException' with message 'AdminController cannot find the requested view "adminlogin".' in D:\www\yii\framework\web\CController.php:879
Stack trace:
#0 D:\www\yii\framework\web\CController.php(783): CController->renderPartial('adminlogin', Array, true)
#1 D:\www\tonmey\protected\modules\admin\controllers\AdminController.php(31): CController->render('adminlogin', Array)
#2 D:\www\yii\framework\web\actions\CInlineAction.php(50): AdminController->actionLogin()
#3 D:\www\yii\framework\web\CController.php(309): CInlineAction->runWithParams(Array)
#4 D:\www\yii\framework\web\CController.php(287): CController->runAction(Object(CInlineAction))
#5 D:\www\yii\framework\web\CController.php(266): CController->runActionWithFilters(Object(CInlineAction), Array)
#6 D:\www\yii\framework\web\CWebApplication.php(283): CController->run('login')
#7 D:\www\yii\framework\web\CWebApplication.php(142): CWebApplication->runController('admin/admin/log...')
#8 D:\www\yii\framework\base\CApplication.php(162): CWebApplication->processRequest()
#9 D:\www\tonmey\index.php(13): CApplication->run()
#10 {main}
REQUEST_URI=/tonmey/index.php?r=admin/admin/login
---
2012/08/21 03:25:25 [error] [exception.CException] exception 'CException' with message 'AdminController cannot find the requested view "adminlogin".' in D:\www\yii\framework\web\CController.php:879
Stack trace:
#0 D:\www\yii\framework\web\CController.php(783): CController->renderPartial('adminlogin', Array, true)
#1 D:\www\tonmey\protected\modules\admin\controllers\AdminController.php(31): CController->render('adminlogin', Array)
#2 D:\www\yii\framework\web\actions\CInlineAction.php(50): AdminController->actionLogin()
#3 D:\www\yii\framework\web\CController.php(309): CInlineAction->runWithParams(Array)
#4 D:\www\yii\framework\web\CController.php(287): CController->runAction(Object(CInlineAction))
#5 D:\www\yii\framework\web\CController.php(266): CController->runActionWithFilters(Object(CInlineAction), Array)
#6 D:\www\yii\framework\web\CWebApplication.php(283): CController->run('login')
#7 D:\www\yii\framework\web\CWebApplication.php(142): CWebApplication->runController('admin/admin/log...')
#8 D:\www\yii\framework\base\CApplication.php(162): CWebApplication->processRequest()
#9 D:\www\tonmey\index.php(13): CApplication->run()
#10 {main}
REQUEST_URI=/tonmey/index.php?r=admin/admin/login
---
2012/08/21 03:25:25 [error] [exception.CException] exception 'CException' with message 'AdminController cannot find the requested view "adminlogin".' in D:\www\yii\framework\web\CController.php:879
Stack trace:
#0 D:\www\yii\framework\web\CController.php(783): CController->renderPartial('adminlogin', Array, true)
#1 D:\www\tonmey\protected\modules\admin\controllers\AdminController.php(31): CController->render('adminlogin', Array)
#2 D:\www\yii\framework\web\actions\CInlineAction.php(50): AdminController->actionLogin()
#3 D:\www\yii\framework\web\CController.php(309): CInlineAction->runWithParams(Array)
#4 D:\www\yii\framework\web\CController.php(287): CController->runAction(Object(CInlineAction))
#5 D:\www\yii\framework\web\CController.php(266): CController->runActionWithFilters(Object(CInlineAction), Array)
#6 D:\www\yii\framework\web\CWebApplication.php(283): CController->run('login')
#7 D:\www\yii\framework\web\CWebApplication.php(142): CWebApplication->runController('admin/admin/log...')
#8 D:\www\yii\framework\base\CApplication.php(162): CWebApplication->processRequest()
#9 D:\www\tonmey\index.php(13): CApplication->run()
#10 {main}
REQUEST_URI=/tonmey/index.php?r=admin/admin/login
---
2012/08/21 03:25:25 [error] [exception.CException] exception 'CException' with message 'AdminController cannot find the requested view "adminlogin".' in D:\www\yii\framework\web\CController.php:879
Stack trace:
#0 D:\www\yii\framework\web\CController.php(783): CController->renderPartial('adminlogin', Array, true)
#1 D:\www\tonmey\protected\modules\admin\controllers\AdminController.php(31): CController->render('adminlogin', Array)
#2 D:\www\yii\framework\web\actions\CInlineAction.php(50): AdminController->actionLogin()
#3 D:\www\yii\framework\web\CController.php(309): CInlineAction->runWithParams(Array)
#4 D:\www\yii\framework\web\CController.php(287): CController->runAction(Object(CInlineAction))
#5 D:\www\yii\framework\web\CController.php(266): CController->runActionWithFilters(Object(CInlineAction), Array)
#6 D:\www\yii\framework\web\CWebApplication.php(283): CController->run('login')
#7 D:\www\yii\framework\web\CWebApplication.php(142): CWebApplication->runController('admin/admin/log...')
#8 D:\www\yii\framework\base\CApplication.php(162): CWebApplication->processRequest()
#9 D:\www\tonmey\index.php(13): CApplication->run()
#10 {main}
REQUEST_URI=/tonmey/index.php?r=admin/admin/login
---
2012/08/21 05:04:17 [error] [exception.CException] exception 'CException' with message 'Property "AdminLoginForm." is not defined.' in D:\www\yii\framework\base\CComponent.php:131
Stack trace:
#0 D:\www\tonmey\protected\modules\admin\models\AdminLoginForm.php(29): CComponent->__get('')
#1 D:\www\yii\framework\validators\CInlineValidator.php(43): AdminLoginForm->authenticate('adm_password', Array)
#2 D:\www\yii\framework\validators\CValidator.php(214): CInlineValidator->validateAttribute(Object(AdminLoginForm), 'adm_password')
#3 D:\www\yii\framework\base\CModel.php(158): CValidator->validate(Object(AdminLoginForm), NULL)
#4 D:\www\tonmey\protected\modules\admin\controllers\AdminController.php(26): CModel->validate()
#5 D:\www\yii\framework\web\actions\CInlineAction.php(50): AdminController->actionLogin()
#6 D:\www\yii\framework\web\CController.php(309): CInlineAction->runWithParams(Array)
#7 D:\www\yii\framework\web\CController.php(287): CController->runAction(Object(CInlineAction))
#8 D:\www\yii\framework\web\CController.php(266): CController->runActionWithFilters(Object(CInlineAction), Array)
#9 D:\www\yii\framework\web\CWebApplication.php(283): CController->run('login')
#10 D:\www\yii\framework\web\CWebApplication.php(142): CWebApplication->runController('admin/admin/log...')
#11 D:\www\yii\framework\base\CApplication.php(162): CWebApplication->processRequest()
#12 D:\www\tonmey\index.php(13): CApplication->run()
#13 {main}
REQUEST_URI=/tonmey/index.php?r=admin/admin/login
HTTP_REFERER=http://localhost/tonmey/index.php?r=admin/admin/login
---
2012/08/21 05:06:13 [error] [exception.CException] exception 'CException' with message 'Property "Admin.adm_id" is not defined.' in D:\www\yii\framework\base\CComponent.php:131
Stack trace:
#0 D:\www\yii\framework\db\ar\CActiveRecord.php(144): CComponent->__get('adm_id')
#1 D:\www\tonmey\protected\modules\admin\components\AdminIdentity.php(41): CActiveRecord->__get('adm_id')
#2 D:\www\tonmey\protected\modules\admin\models\AdminLoginForm.php(30): AdminIdentity->authenticate()
#3 D:\www\yii\framework\validators\CInlineValidator.php(43): AdminLoginForm->authenticate('adm_password', Array)
#4 D:\www\yii\framework\validators\CValidator.php(214): CInlineValidator->validateAttribute(Object(AdminLoginForm), 'adm_password')
#5 D:\www\yii\framework\base\CModel.php(158): CValidator->validate(Object(AdminLoginForm), NULL)
#6 D:\www\tonmey\protected\modules\admin\controllers\AdminController.php(26): CModel->validate()
#7 D:\www\yii\framework\web\actions\CInlineAction.php(50): AdminController->actionLogin()
#8 D:\www\yii\framework\web\CController.php(309): CInlineAction->runWithParams(Array)
#9 D:\www\yii\framework\web\CController.php(287): CController->runAction(Object(CInlineAction))
#10 D:\www\yii\framework\web\CController.php(266): CController->runActionWithFilters(Object(CInlineAction), Array)
#11 D:\www\yii\framework\web\CWebApplication.php(283): CController->run('login')
#12 D:\www\yii\framework\web\CWebApplication.php(142): CWebApplication->runController('admin/admin/log...')
#13 D:\www\yii\framework\base\CApplication.php(162): CWebApplication->processRequest()
#14 D:\www\tonmey\index.php(13): CApplication->run()
#15 {main}
REQUEST_URI=/tonmey/index.php?r=admin/admin/login
HTTP_REFERER=http://localhost/tonmey/index.php?r=admin/admin/login
---
2012/08/21 05:08:10 [error] [exception.CException] exception 'CException' with message 'Property "AdminIdentity." is not defined.' in D:\www\yii\framework\base\CComponent.php:174
Stack trace:
#0 D:\www\tonmey\protected\modules\admin\components\AdminIdentity.php(41): CComponent->__set('', '1')
#1 D:\www\tonmey\protected\modules\admin\models\AdminLoginForm.php(30): AdminIdentity->authenticate()
#2 D:\www\yii\framework\validators\CInlineValidator.php(43): AdminLoginForm->authenticate('adm_password', Array)
#3 D:\www\yii\framework\validators\CValidator.php(214): CInlineValidator->validateAttribute(Object(AdminLoginForm), 'adm_password')
#4 D:\www\yii\framework\base\CModel.php(158): CValidator->validate(Object(AdminLoginForm), NULL)
#5 D:\www\tonmey\protected\modules\admin\controllers\AdminController.php(26): CModel->validate()
#6 D:\www\yii\framework\web\actions\CInlineAction.php(50): AdminController->actionLogin()
#7 D:\www\yii\framework\web\CController.php(309): CInlineAction->runWithParams(Array)
#8 D:\www\yii\framework\web\CController.php(287): CController->runAction(Object(CInlineAction))
#9 D:\www\yii\framework\web\CController.php(266): CController->runActionWithFilters(Object(CInlineAction), Array)
#10 D:\www\yii\framework\web\CWebApplication.php(283): CController->run('login')
#11 D:\www\yii\framework\web\CWebApplication.php(142): CWebApplication->runController('admin/admin/log...')
#12 D:\www\yii\framework\base\CApplication.php(162): CWebApplication->processRequest()
#13 D:\www\tonmey\index.php(13): CApplication->run()
#14 {main}
REQUEST_URI=/tonmey/index.php?r=admin/admin/login
HTTP_REFERER=http://localhost/tonmey/index.php?r=admin/admin/login
---
2012/08/21 05:08:28 [error] [exception.CException] exception 'CException' with message 'Property "AdminIdentity." is not defined.' in D:\www\yii\framework\base\CComponent.php:174
Stack trace:
#0 D:\www\tonmey\protected\modules\admin\components\AdminIdentity.php(41): CComponent->__set('', '1')
#1 D:\www\tonmey\protected\modules\admin\models\AdminLoginForm.php(30): AdminIdentity->authenticate()
#2 D:\www\yii\framework\validators\CInlineValidator.php(43): AdminLoginForm->authenticate('adm_password', Array)
#3 D:\www\yii\framework\validators\CValidator.php(214): CInlineValidator->validateAttribute(Object(AdminLoginForm), 'adm_password')
#4 D:\www\yii\framework\base\CModel.php(158): CValidator->validate(Object(AdminLoginForm), NULL)
#5 D:\www\tonmey\protected\modules\admin\controllers\AdminController.php(26): CModel->validate()
#6 D:\www\yii\framework\web\actions\CInlineAction.php(50): AdminController->actionLogin()
#7 D:\www\yii\framework\web\CController.php(309): CInlineAction->runWithParams(Array)
#8 D:\www\yii\framework\web\CController.php(287): CController->runAction(Object(CInlineAction))
#9 D:\www\yii\framework\web\CController.php(266): CController->runActionWithFilters(Object(CInlineAction), Array)
#10 D:\www\yii\framework\web\CWebApplication.php(283): CController->run('login')
#11 D:\www\yii\framework\web\CWebApplication.php(142): CWebApplication->runController('admin/admin/log...')
#12 D:\www\yii\framework\base\CApplication.php(162): CWebApplication->processRequest()
#13 D:\www\tonmey\index.php(13): CApplication->run()
#14 {main}
REQUEST_URI=/tonmey/index.php?r=admin/admin/login
HTTP_REFERER=http://localhost/tonmey/index.php?r=admin/admin/login
---
2012/08/21 05:09:02 [error] [exception.CException] exception 'CException' with message 'AdminIdentity and its behaviors do not have a method or closure named "addError".' in D:\www\yii\framework\base\CComponent.php:266
Stack trace:
#0 [internal function]: CComponent->__call('addError', Array)
#1 D:\www\tonmey\protected\modules\admin\models\AdminLoginForm.php(31): AdminIdentity->addError('password', '???????????????...')
#2 D:\www\yii\framework\validators\CInlineValidator.php(43): AdminLoginForm->authenticate('adm_password', Array)
#3 D:\www\yii\framework\validators\CValidator.php(214): CInlineValidator->validateAttribute(Object(AdminLoginForm), 'adm_password')
#4 D:\www\yii\framework\base\CModel.php(158): CValidator->validate(Object(AdminLoginForm), NULL)
#5 D:\www\tonmey\protected\modules\admin\controllers\AdminController.php(26): CModel->validate()
#6 D:\www\yii\framework\web\actions\CInlineAction.php(50): AdminController->actionLogin()
#7 D:\www\yii\framework\web\CController.php(309): CInlineAction->runWithParams(Array)
#8 D:\www\yii\framework\web\CController.php(287): CController->runAction(Object(CInlineAction))
#9 D:\www\yii\framework\web\CController.php(266): CController->runActionWithFilters(Object(CInlineAction), Array)
#10 D:\www\yii\framework\web\CWebApplication.php(283): CController->run('login')
#11 D:\www\yii\framework\web\CWebApplication.php(142): CWebApplication->runController('admin/admin/log...')
#12 D:\www\yii\framework\base\CApplication.php(162): CWebApplication->processRequest()
#13 D:\www\tonmey\index.php(13): CApplication->run()
#14 {main}
REQUEST_URI=/tonmey/index.php?r=admin/admin/login
HTTP_REFERER=http://localhost/tonmey/index.php?r=admin/admin/login
---
2012/08/21 05:10:34 [error] [exception.CException] exception 'CException' with message 'Property "AdminIdentity." is not defined.' in D:\www\yii\framework\base\CComponent.php:131
Stack trace:
#0 D:\www\tonmey\protected\modules\admin\components\AdminIdentity.php(55): CComponent->__get('')
#1 D:\www\yii\framework\web\auth\CWebUser.php(224): AdminIdentity->getId()
#2 D:\www\tonmey\protected\modules\admin\models\AdminLoginForm.php(47): CWebUser->login(Object(AdminIdentity), '0')
#3 D:\www\tonmey\protected\modules\admin\controllers\AdminController.php(26): AdminLoginForm->login()
#4 D:\www\yii\framework\web\actions\CInlineAction.php(50): AdminController->actionLogin()
#5 D:\www\yii\framework\web\CController.php(309): CInlineAction->runWithParams(Array)
#6 D:\www\yii\framework\web\CController.php(287): CController->runAction(Object(CInlineAction))
#7 D:\www\yii\framework\web\CController.php(266): CController->runActionWithFilters(Object(CInlineAction), Array)
#8 D:\www\yii\framework\web\CWebApplication.php(283): CController->run('login')
#9 D:\www\yii\framework\web\CWebApplication.php(142): CWebApplication->runController('admin/admin/log...')
#10 D:\www\yii\framework\base\CApplication.php(162): CWebApplication->processRequest()
#11 D:\www\tonmey\index.php(13): CApplication->run()
#12 {main}
REQUEST_URI=/tonmey/index.php?r=admin/admin/login
HTTP_REFERER=http://localhost/tonmey/index.php?r=admin/admin/login
---
2012/08/21 05:11:14 [error] [php] session_regenerate_id() [<a href='function.session-regenerate-id'>function.session-regenerate-id</a>]: Cannot regenerate session id - headers already sent (D:\www\yii\framework\web\CHttpSession.php:182)
Stack trace:
#0 D:\www\yii\framework\web\auth\CWebUser.php(228): CWebUser->changeIdentity()
#1 D:\www\tonmey\protected\modules\admin\models\AdminLoginForm.php(47): CWebUser->login()
#2 D:\www\tonmey\protected\modules\admin\controllers\AdminController.php(26): AdminLoginForm->login()
#3 D:\www\yii\framework\web\actions\CInlineAction.php(50): AdminController->actionLogin()
#4 D:\www\yii\framework\web\CController.php(309): CInlineAction->runWithParams()
#5 D:\www\yii\framework\web\CController.php(287): AdminController->runAction()
#6 D:\www\yii\framework\web\CController.php(266): AdminController->runActionWithFilters()
#7 D:\www\yii\framework\web\CWebApplication.php(283): AdminController->run()
#8 D:\www\yii\framework\web\CWebApplication.php(142): CWebApplication->runController()
#9 D:\www\yii\framework\base\CApplication.php(162): CWebApplication->processRequest()
#10 D:\www\tonmey\index.php(13): CWebApplication->run()
REQUEST_URI=/tonmey/index.php?r=admin/admin/login
in D:\www\tonmey\protected\modules\admin\models\AdminLoginForm.php (47)
in D:\www\tonmey\protected\modules\admin\controllers\AdminController.php (26)
in D:\www\tonmey\index.php (13)
2012/08/21 05:12:15 [error] [exception.CException] exception 'CException' with message 'AdminController and its behaviors do not have a method or closure named "index".' in D:\www\yii\framework\base\CComponent.php:266
Stack trace:
#0 [internal function]: CComponent->__call('index', Array)
#1 D:\www\tonmey\protected\modules\admin\controllers\AdminController.php(27): AdminController->index()
#2 D:\www\yii\framework\web\actions\CInlineAction.php(50): AdminController->actionLogin()
#3 D:\www\yii\framework\web\CController.php(309): CInlineAction->runWithParams(Array)
#4 D:\www\yii\framework\web\CController.php(287): CController->runAction(Object(CInlineAction))
#5 D:\www\yii\framework\web\CController.php(266): CController->runActionWithFilters(Object(CInlineAction), Array)
#6 D:\www\yii\framework\web\CWebApplication.php(283): CController->run('login')
#7 D:\www\yii\framework\web\CWebApplication.php(142): CWebApplication->runController('admin/admin/log...')
#8 D:\www\yii\framework\base\CApplication.php(162): CWebApplication->processRequest()
#9 D:\www\tonmey\index.php(13): CApplication->run()
#10 {main}
REQUEST_URI=/tonmey/index.php?r=admin/admin/login
HTTP_REFERER=http://localhost/tonmey/index.php?r=admin/admin/login
---
2012/08/21 05:12:28 [error] [exception.CHttpException.404] exception 'CHttpException' with message 'Unable to resolve the request "admin/default/top".' in D:\www\yii\framework\web\CWebApplication.php:287
Stack trace:
#0 D:\www\yii\framework\web\CWebApplication.php(142): CWebApplication->runController('admin/default/t...')
#1 D:\www\yii\framework\base\CApplication.php(162): CWebApplication->processRequest()
#2 D:\www\tonmey\index.php(13): CApplication->run()
#3 {main}
REQUEST_URI=/tonmey/index.php?r=admin/default/top
HTTP_REFERER=http://localhost/tonmey/index.php?r=admin/admin/login
---
2012/08/21 05:12:28 [error] [exception.CHttpException.404] exception 'CHttpException' with message 'Unable to resolve the request "admin/default/menu".' in D:\www\yii\framework\web\CWebApplication.php:287
Stack trace:
#0 D:\www\yii\framework\web\CWebApplication.php(142): CWebApplication->runController('admin/default/m...')
#1 D:\www\yii\framework\base\CApplication.php(162): CWebApplication->processRequest()
#2 D:\www\tonmey\index.php(13): CApplication->run()
#3 {main}
REQUEST_URI=/tonmey/index.php?r=admin/default/menu
HTTP_REFERER=http://localhost/tonmey/index.php?r=admin/admin/login
---
2012/08/21 05:12:28 [error] [exception.CHttpException.404] exception 'CHttpException' with message 'Unable to resolve the request "admin/default/main".' in D:\www\yii\framework\web\CWebApplication.php:287
Stack trace:
#0 D:\www\yii\framework\web\CWebApplication.php(142): CWebApplication->runController('admin/default/m...')
#1 D:\www\yii\framework\base\CApplication.php(162): CWebApplication->processRequest()
#2 D:\www\tonmey\index.php(13): CApplication->run()
#3 {main}
REQUEST_URI=/tonmey/index.php?r=admin/default/main
HTTP_REFERER=http://localhost/tonmey/index.php?r=admin/admin/login
---
2012/08/21 05:13:24 [error] [exception.CHttpException.404] exception 'CHttpException' with message 'Unable to resolve the request "admin".' in D:\www\yii\framework\web\CWebApplication.php:287
Stack trace:
#0 D:\www\yii\framework\web\CWebApplication.php(142): CWebApplication->runController('admin')
#1 D:\www\yii\framework\base\CApplication.php(162): CWebApplication->processRequest()
#2 D:\www\tonmey\index.php(13): CApplication->run()
#3 {main}
REQUEST_URI=/tonmey/index.php?r=admin
---
2012/08/21 07:13:23 [error] [exception.CException] exception 'CException' with message 'Property "CWebApplication.requerst" is not defined.' in D:\www\yii\framework\base\CComponent.php:131
Stack trace:
#0 D:\www\yii\framework\base\CModule.php(106): CComponent->__get('requerst')
#1 D:\www\tonmey\protected\modules\admin\views\admin\main.php(1): CModule->__get('requerst')
#2 D:\www\yii\framework\web\CBaseController.php(127): require('D:\www\tonmey\p...')
#3 D:\www\yii\framework\web\CBaseController.php(96): CBaseController->renderInternal('D:\www\tonmey\p...', NULL, true)
#4 D:\www\yii\framework\web\CController.php(870): CBaseController->renderFile('D:\www\tonmey\p...', NULL, true)
#5 D:\www\tonmey\protected\modules\admin\controllers\AdminController.php(38): CController->renderPartial('main')
#6 D:\www\yii\framework\web\actions\CInlineAction.php(50): AdminController->actionMain()
#7 D:\www\yii\framework\web\CController.php(309): CInlineAction->runWithParams(Array)
#8 D:\www\yii\framework\web\CController.php(287): CController->runAction(Object(CInlineAction))
#9 D:\www\yii\framework\web\CController.php(266): CController->runActionWithFilters(Object(CInlineAction), Array)
#10 D:\www\yii\framework\web\CWebApplication.php(283): CController->run('main')
#11 D:\www\yii\framework\web\CWebApplication.php(142): CWebApplication->runController('admin/admin/mai...')
#12 D:\www\yii\framework\base\CApplication.php(162): CWebApplication->processRequest()
#13 D:\www\tonmey\index.php(13): CApplication->run()
#14 {main}
REQUEST_URI=/tonmey/index.php?r=admin/admin/main
HTTP_REFERER=http://localhost/tonmey/index.php?r=admin/admin/login
---
2012/08/22 00:35:02 [error] [exception.CHttpException.404] exception 'CHttpException' with message 'Unable to resolve the request "admin".' in D:\www\yii\framework\web\CWebApplication.php:287
Stack trace:
#0 D:\www\yii\framework\web\CWebApplication.php(142): CWebApplication->runController('admin')
#1 D:\www\yii\framework\base\CApplication.php(162): CWebApplication->processRequest()
#2 D:\www\tonmey\index.php(13): CApplication->run()
#3 {main}
REQUEST_URI=/tonmey/index.php?r=admin
---
2012/08/22 04:26:19 [error] [exception.CHttpException.404] exception 'CHttpException' with message 'Unable to resolve the request "admin".' in D:\www\yii\framework\web\CWebApplication.php:287
Stack trace:
#0 D:\www\yii\framework\web\CWebApplication.php(142): CWebApplication->runController('admin')
#1 D:\www\yii\framework\base\CApplication.php(162): CWebApplication->processRequest()
#2 D:\www\tonmey\index.php(13): CApplication->run()
#3 {main}
REQUEST_URI=/tonmey/index.php?r=admin
---
2012/08/23 05:04:33 [error] [exception.CException] exception 'CException' with message 'Alias "application.modules.admin.Article" is invalid. Make sure it points to an existing PHP file and the file is readable.' in D:\www\yii\framework\YiiBase.php:318
Stack trace:
#0 D:\www\yii\framework\gii\generators\crud\CrudCode.php(59): YiiBase::import('application.mod...', true)
#1 D:\www\yii\framework\validators\CInlineValidator.php(43): CrudCode->validateModel('model', Array)
#2 D:\www\yii\framework\validators\CValidator.php(214): CInlineValidator->validateAttribute(Object(CrudCode), 'model')
#3 D:\www\yii\framework\base\CModel.php(158): CValidator->validate(Object(CrudCode), NULL)
#4 D:\www\yii\framework\gii\CCodeGenerator.php(160): CModel->validate()
#5 D:\www\yii\framework\gii\CCodeGenerator.php(64): CCodeGenerator->prepare()
#6 D:\www\yii\framework\web\actions\CInlineAction.php(50): CCodeGenerator->actionIndex()
#7 D:\www\yii\framework\web\CController.php(309): CInlineAction->runWithParams(Array)
#8 D:\www\yii\framework\web\CController.php(287): CController->runAction(Object(CInlineAction))
#9 D:\www\yii\framework\web\CController.php(266): CController->runActionWithFilters(Object(CInlineAction), Array)
#10 D:\www\yii\framework\web\CWebApplication.php(283): CController->run('')
#11 D:\www\yii\framework\web\CWebApplication.php(142): CWebApplication->runController('gii/crud')
#12 D:\www\yii\framework\base\CApplication.php(162): CWebApplication->processRequest()
#13 D:\www\tmol\index.php(13): CApplication->run()
#14 {main}
REQUEST_URI=/tmol/index.php?r=gii/crud
HTTP_REFERER=http://localhost/tmol/index.php?r=gii/crud
---
2012/08/23 05:34:49 [error] [exception.CHttpException.400] exception 'CHttpException' with message 'Your request is invalid.' in D:\www\yii\framework\web\CController.php:337
Stack trace:
#0 D:\www\yii\framework\web\CController.php(310): CController->invalidActionParams(Object(CInlineAction))
#1 D:\www\yii\framework\web\filters\CFilterChain.php(134): CController->runAction(Object(CInlineAction))
#2 D:\www\yii\framework\web\filters\CFilter.php(41): CFilterChain->run()
#3 D:\www\yii\framework\web\CController.php(1146): CFilter->filter(Object(CFilterChain))
#4 D:\www\yii\framework\web\filters\CInlineFilter.php(59): CController->filterAccessControl(Object(CFilterChain))
#5 D:\www\yii\framework\web\filters\CFilterChain.php(131): CInlineFilter->filter(Object(CFilterChain))
#6 D:\www\yii\framework\web\CController.php(292): CFilterChain->run()
#7 D:\www\yii\framework\web\CController.php(266): CController->runActionWithFilters(Object(CInlineAction), Array)
#8 D:\www\yii\framework\web\CWebApplication.php(283): CController->run('view')
#9 D:\www\yii\framework\web\CWebApplication.php(142): CWebApplication->runController('admin/article/v...')
#10 D:\www\yii\framework\base\CApplication.php(162): CWebApplication->processRequest()
#11 D:\www\tmol\index.php(13): CApplication->run()
#12 {main}
REQUEST_URI=/tmol/index.php?r=admin/article/view
HTTP_REFERER=http://localhost/tmol/index.php?r=admin/admin/menu
---
2012/08/23 05:36:39 [error] [exception.CHttpException.400] exception 'CHttpException' with message 'Your request is invalid.' in D:\www\yii\framework\web\CController.php:337
Stack trace:
#0 D:\www\yii\framework\web\CController.php(310): CController->invalidActionParams(Object(CInlineAction))
#1 D:\www\yii\framework\web\filters\CFilterChain.php(134): CController->runAction(Object(CInlineAction))
#2 D:\www\yii\framework\web\filters\CFilter.php(41): CFilterChain->run()
#3 D:\www\yii\framework\web\CController.php(1146): CFilter->filter(Object(CFilterChain))
#4 D:\www\yii\framework\web\filters\CInlineFilter.php(59): CController->filterAccessControl(Object(CFilterChain))
#5 D:\www\yii\framework\web\filters\CFilterChain.php(131): CInlineFilter->filter(Object(CFilterChain))
#6 D:\www\yii\framework\web\CController.php(292): CFilterChain->run()
#7 D:\www\yii\framework\web\CController.php(266): CController->runActionWithFilters(Object(CInlineAction), Array)
#8 D:\www\yii\framework\web\CWebApplication.php(283): CController->run('view')
#9 D:\www\yii\framework\web\CWebApplication.php(142): CWebApplication->runController('admin/article/v...')
#10 D:\www\yii\framework\base\CApplication.php(162): CWebApplication->processRequest()
#11 D:\www\tmol\index.php(13): CApplication->run()
#12 {main}
REQUEST_URI=/tmol/index.php?r=admin/article/view
HTTP_REFERER=http://localhost/tmol/index.php?r=admin/admin/menu
---
2012/08/23 05:38:17 [error] [exception.CHttpException.400] exception 'CHttpException' with message 'Your request is invalid.' in D:\www\yii\framework\web\CController.php:337
Stack trace:
#0 D:\www\yii\framework\web\CController.php(310): CController->invalidActionParams(Object(CInlineAction))
#1 D:\www\yii\framework\web\filters\CFilterChain.php(134): CController->runAction(Object(CInlineAction))
#2 D:\www\yii\framework\web\filters\CFilter.php(41): CFilterChain->run()
#3 D:\www\yii\framework\web\CController.php(1146): CFilter->filter(Object(CFilterChain))
#4 D:\www\yii\framework\web\filters\CInlineFilter.php(59): CController->filterAccessControl(Object(CFilterChain))
#5 D:\www\yii\framework\web\filters\CFilterChain.php(131): CInlineFilter->filter(Object(CFilterChain))
#6 D:\www\yii\framework\web\CController.php(292): CFilterChain->run()
#7 D:\www\yii\framework\web\CController.php(266): CController->runActionWithFilters(Object(CInlineAction), Array)
#8 D:\www\yii\framework\web\CWebApplication.php(283): CController->run('view')
#9 D:\www\yii\framework\web\CWebApplication.php(142): CWebApplication->runController('admin/article/v...')
#10 D:\www\yii\framework\base\CApplication.php(162): CWebApplication->processRequest()
#11 D:\www\tmol\index.php(13): CApplication->run()
#12 {main}
REQUEST_URI=/tmol/index.php?r=admin/article/view
HTTP_REFERER=http://localhost/tmol/index.php?r=admin/admin/menu
---
